<?xml version="1.0" encoding="UTF-8"?>
<testsuite xmlns:xsi="http://www.w3.org/2001/XMLSchema-instance" xsi:noNamespaceSchemaLocation="https://maven.apache.org/surefire/maven-surefire-plugin/xsd/surefire-test-report-3.0.xsd" version="3.0" name="TestSuite" time="182.539" tests="13" errors="0" skipped="0" failures="0">
  <properties>
    <property name="java.specification.version" value="21"/>
    <property name="webdriver.chrome.driver" value="E:\UdemyAutomationCode\chromedriver-win64\chromedriver.exe"/>
    <property name="sun.cpu.isalist" value="amd64"/>
    <property name="sun.jnu.encoding" value="Cp1252"/>
    <property name="java.class.path" value="E:\UdemyAutomationCode\AutomationFramework\target\test-classes;E:\UdemyAutomationCode\AutomationFramework\target\classes;C:\Users\Admin\.m2\repository\org\testng\testng\7.8.0\testng-7.8.0.jar;C:\Users\Admin\.m2\repository\org\slf4j\slf4j-api\1.7.36\slf4j-api-1.7.36.jar;C:\Users\Admin\.m2\repository\com\beust\jcommander\1.82\jcommander-1.82.jar;C:\Users\Admin\.m2\repository\org\webjars\jquery\3.6.1\jquery-3.6.1.jar;C:\Users\Admin\.m2\repository\org\seleniumhq\selenium\selenium-java\4.16.1\selenium-java-4.16.1.jar;C:\Users\Admin\.m2\repository\org\seleniumhq\selenium\selenium-api\4.16.1\selenium-api-4.16.1.jar;C:\Users\Admin\.m2\repository\org\seleniumhq\selenium\selenium-chrome-driver\4.16.1\selenium-chrome-driver-4.16.1.jar;C:\Users\Admin\.m2\repository\com\google\auto\service\auto-service-annotations\1.1.1\auto-service-annotations-1.1.1.jar;C:\Users\Admin\.m2\repository\org\seleniumhq\selenium\selenium-chromium-driver\4.16.1\selenium-chromium-driver-4.16.1.jar;C:\Users\Admin\.m2\repository\org\seleniumhq\selenium\selenium-json\4.16.1\selenium-json-4.16.1.jar;C:\Users\Admin\.m2\repository\org\seleniumhq\selenium\selenium-manager\4.16.1\selenium-manager-4.16.1.jar;C:\Users\Admin\.m2\repository\org\seleniumhq\selenium\selenium-devtools-v118\4.16.1\selenium-devtools-v118-4.16.1.jar;C:\Users\Admin\.m2\repository\org\seleniumhq\selenium\selenium-devtools-v119\4.16.1\selenium-devtools-v119-4.16.1.jar;C:\Users\Admin\.m2\repository\org\seleniumhq\selenium\selenium-devtools-v120\4.16.1\selenium-devtools-v120-4.16.1.jar;C:\Users\Admin\.m2\repository\org\seleniumhq\selenium\selenium-devtools-v85\4.16.1\selenium-devtools-v85-4.16.1.jar;C:\Users\Admin\.m2\repository\org\seleniumhq\selenium\selenium-edge-driver\4.16.1\selenium-edge-driver-4.16.1.jar;C:\Users\Admin\.m2\repository\org\seleniumhq\selenium\selenium-firefox-driver\4.16.1\selenium-firefox-driver-4.16.1.jar;C:\Users\Admin\.m2\repository\org\seleniumhq\selenium\selenium-http\4.16.1\selenium-http-4.16.1.jar;C:\Users\Admin\.m2\repository\dev\failsafe\failsafe\3.3.2\failsafe-3.3.2.jar;C:\Users\Admin\.m2\repository\org\seleniumhq\selenium\selenium-ie-driver\4.16.1\selenium-ie-driver-4.16.1.jar;C:\Users\Admin\.m2\repository\org\seleniumhq\selenium\selenium-remote-driver\4.16.1\selenium-remote-driver-4.16.1.jar;C:\Users\Admin\.m2\repository\com\google\guava\guava\32.1.2-jre\guava-32.1.2-jre.jar;C:\Users\Admin\.m2\repository\com\google\guava\failureaccess\1.0.1\failureaccess-1.0.1.jar;C:\Users\Admin\.m2\repository\com\google\guava\listenablefuture\9999.0-empty-to-avoid-conflict-with-guava\listenablefuture-9999.0-empty-to-avoid-conflict-with-guava.jar;C:\Users\Admin\.m2\repository\com\google\code\findbugs\jsr305\3.0.2\jsr305-3.0.2.jar;C:\Users\Admin\.m2\repository\org\checkerframework\checker-qual\3.33.0\checker-qual-3.33.0.jar;C:\Users\Admin\.m2\repository\com\google\errorprone\error_prone_annotations\2.18.0\error_prone_annotations-2.18.0.jar;C:\Users\Admin\.m2\repository\com\google\j2objc\j2objc-annotations\2.8\j2objc-annotations-2.8.jar;C:\Users\Admin\.m2\repository\io\opentelemetry\opentelemetry-api\1.28.0\opentelemetry-api-1.28.0.jar;C:\Users\Admin\.m2\repository\io\opentelemetry\opentelemetry-context\1.28.0\opentelemetry-context-1.28.0.jar;C:\Users\Admin\.m2\repository\io\opentelemetry\opentelemetry-exporter-logging\1.28.0\opentelemetry-exporter-logging-1.28.0.jar;C:\Users\Admin\.m2\repository\io\opentelemetry\opentelemetry-sdk-metrics\1.28.0\opentelemetry-sdk-metrics-1.28.0.jar;C:\Users\Admin\.m2\repository\io\opentelemetry\opentelemetry-extension-incubator\1.28.0-alpha\opentelemetry-extension-incubator-1.28.0-alpha.jar;C:\Users\Admin\.m2\repository\io\opentelemetry\opentelemetry-sdk-logs\1.28.0\opentelemetry-sdk-logs-1.28.0.jar;C:\Users\Admin\.m2\repository\io\opentelemetry\opentelemetry-sdk-common\1.28.0\opentelemetry-sdk-common-1.28.0.jar;C:\Users\Admin\.m2\repository\io\opentelemetry\opentelemetry-sdk-extension-autoconfigure-spi\1.28.0\opentelemetry-sdk-extension-autoconfigure-spi-1.28.0.jar;C:\Users\Admin\.m2\repository\io\opentelemetry\opentelemetry-sdk-extension-autoconfigure\1.28.0\opentelemetry-sdk-extension-autoconfigure-1.28.0.jar;C:\Users\Admin\.m2\repository\io\opentelemetry\opentelemetry-api-events\1.28.0-alpha\opentelemetry-api-events-1.28.0-alpha.jar;C:\Users\Admin\.m2\repository\io\opentelemetry\opentelemetry-sdk-trace\1.28.0\opentelemetry-sdk-trace-1.28.0.jar;C:\Users\Admin\.m2\repository\io\opentelemetry\opentelemetry-sdk\1.28.0\opentelemetry-sdk-1.28.0.jar;C:\Users\Admin\.m2\repository\io\opentelemetry\opentelemetry-semconv\1.28.0-alpha\opentelemetry-semconv-1.28.0-alpha.jar;C:\Users\Admin\.m2\repository\net\bytebuddy\byte-buddy\1.14.5\byte-buddy-1.14.5.jar;C:\Users\Admin\.m2\repository\org\seleniumhq\selenium\selenium-os\4.16.1\selenium-os-4.16.1.jar;C:\Users\Admin\.m2\repository\org\apache\commons\commons-exec\1.3\commons-exec-1.3.jar;C:\Users\Admin\.m2\repository\org\seleniumhq\selenium\selenium-safari-driver\4.16.1\selenium-safari-driver-4.16.1.jar;C:\Users\Admin\.m2\repository\org\seleniumhq\selenium\selenium-support\4.16.1\selenium-support-4.16.1.jar;C:\Users\Admin\.m2\repository\org\apache\poi\poi\5.2.5\poi-5.2.5.jar;C:\Users\Admin\.m2\repository\commons-codec\commons-codec\1.16.0\commons-codec-1.16.0.jar;C:\Users\Admin\.m2\repository\org\apache\commons\commons-collections4\4.4\commons-collections4-4.4.jar;C:\Users\Admin\.m2\repository\org\apache\commons\commons-math3\3.6.1\commons-math3-3.6.1.jar;C:\Users\Admin\.m2\repository\commons-io\commons-io\2.15.0\commons-io-2.15.0.jar;C:\Users\Admin\.m2\repository\com\zaxxer\SparseBitSet\1.3\SparseBitSet-1.3.jar;C:\Users\Admin\.m2\repository\org\apache\logging\log4j\log4j-api\2.21.1\log4j-api-2.21.1.jar;C:\Users\Admin\.m2\repository\org\apache\poi\poi-ooxml\5.2.5\poi-ooxml-5.2.5.jar;C:\Users\Admin\.m2\repository\org\apache\poi\poi-ooxml-lite\5.2.5\poi-ooxml-lite-5.2.5.jar;C:\Users\Admin\.m2\repository\org\apache\xmlbeans\xmlbeans\5.2.0\xmlbeans-5.2.0.jar;C:\Users\Admin\.m2\repository\org\apache\commons\commons-compress\1.25.0\commons-compress-1.25.0.jar;C:\Users\Admin\.m2\repository\com\github\virtuald\curvesapi\1.08\curvesapi-1.08.jar;C:\Users\Admin\.m2\repository\org\apache\poi\poi-ooxml-schemas\4.1.2\poi-ooxml-schemas-4.1.2.jar;C:\Users\Admin\.m2\repository\org\apache\poi\poi-scratchpad\5.2.5\poi-scratchpad-5.2.5.jar;C:\Users\Admin\.m2\repository\org\apache\poi\ooxml-schemas\1.4\ooxml-schemas-1.4.jar;C:\Users\Admin\.m2\repository\org\apache\poi\openxml4j\1.0-beta\openxml4j-1.0-beta.jar;C:\Users\Admin\.m2\repository\dom4j\dom4j\1.6.1\dom4j-1.6.1.jar;C:\Users\Admin\.m2\repository\xml-apis\xml-apis\1.0.b2\xml-apis-1.0.b2.jar;C:\Users\Admin\.m2\repository\log4j\log4j\1.2.8\log4j-1.2.8.jar;C:\Users\Admin\.m2\repository\com\relevantcodes\extentreports\2.41.2\extentreports-2.41.2.jar;C:\Users\Admin\.m2\repository\org\jsoup\jsoup\1.8.3\jsoup-1.8.3.jar;C:\Users\Admin\.m2\repository\org\xerial\sqlite-jdbc\3.8.11.1\sqlite-jdbc-3.8.11.1.jar;C:\Users\Admin\.m2\repository\org\freemarker\freemarker\2.3.23\freemarker-2.3.23.jar;C:\Users\Admin\.m2\repository\org\mongodb\mongodb-driver\3.0.4\mongodb-driver-3.0.4.jar;C:\Users\Admin\.m2\repository\org\mongodb\bson\3.0.4\bson-3.0.4.jar;C:\Users\Admin\.m2\repository\org\mongodb\mongodb-driver-core\3.0.4\mongodb-driver-core-3.0.4.jar;"/>
    <property name="java.vm.vendor" value="Oracle Corporation"/>
    <property name="sun.arch.data.model" value="64"/>
    <property name="user.variant" value=""/>
    <property name="java.vendor.url" value="https://java.oracle.com/"/>
    <property name="user.timezone" value="Asia/Calcutta"/>
    <property name="os.name" value="Windows 10"/>
    <property name="java.vm.specification.version" value="21"/>
    <property name="sun.java.launcher" value="SUN_STANDARD"/>
    <property name="user.country" value="IN"/>
    <property name="sun.boot.library.path" value="C:\Program Files\Java\jdk-21\bin"/>
    <property name="sun.java.command" value="C:\Users\Admin\AppData\Local\Temp\surefire3240453091469805185\surefirebooter-20240111174438332_3.jar C:\Users\Admin\AppData\Local\Temp\surefire3240453091469805185 2024-01-11T17-44-37_804-jvmRun1 surefire-20240111174438332_1tmp surefire_0-20240111174438332_2tmp"/>
    <property name="jdk.debug" value="release"/>
    <property name="surefire.test.class.path" value="E:\UdemyAutomationCode\AutomationFramework\target\test-classes;E:\UdemyAutomationCode\AutomationFramework\target\classes;C:\Users\Admin\.m2\repository\org\testng\testng\7.8.0\testng-7.8.0.jar;C:\Users\Admin\.m2\repository\org\slf4j\slf4j-api\1.7.36\slf4j-api-1.7.36.jar;C:\Users\Admin\.m2\repository\com\beust\jcommander\1.82\jcommander-1.82.jar;C:\Users\Admin\.m2\repository\org\webjars\jquery\3.6.1\jquery-3.6.1.jar;C:\Users\Admin\.m2\repository\org\seleniumhq\selenium\selenium-java\4.16.1\selenium-java-4.16.1.jar;C:\Users\Admin\.m2\repository\org\seleniumhq\selenium\selenium-api\4.16.1\selenium-api-4.16.1.jar;C:\Users\Admin\.m2\repository\org\seleniumhq\selenium\selenium-chrome-driver\4.16.1\selenium-chrome-driver-4.16.1.jar;C:\Users\Admin\.m2\repository\com\google\auto\service\auto-service-annotations\1.1.1\auto-service-annotations-1.1.1.jar;C:\Users\Admin\.m2\repository\org\seleniumhq\selenium\selenium-chromium-driver\4.16.1\selenium-chromium-driver-4.16.1.jar;C:\Users\Admin\.m2\repository\org\seleniumhq\selenium\selenium-json\4.16.1\selenium-json-4.16.1.jar;C:\Users\Admin\.m2\repository\org\seleniumhq\selenium\selenium-manager\4.16.1\selenium-manager-4.16.1.jar;C:\Users\Admin\.m2\repository\org\seleniumhq\selenium\selenium-devtools-v118\4.16.1\selenium-devtools-v118-4.16.1.jar;C:\Users\Admin\.m2\repository\org\seleniumhq\selenium\selenium-devtools-v119\4.16.1\selenium-devtools-v119-4.16.1.jar;C:\Users\Admin\.m2\repository\org\seleniumhq\selenium\selenium-devtools-v120\4.16.1\selenium-devtools-v120-4.16.1.jar;C:\Users\Admin\.m2\repository\org\seleniumhq\selenium\selenium-devtools-v85\4.16.1\selenium-devtools-v85-4.16.1.jar;C:\Users\Admin\.m2\repository\org\seleniumhq\selenium\selenium-edge-driver\4.16.1\selenium-edge-driver-4.16.1.jar;C:\Users\Admin\.m2\repository\org\seleniumhq\selenium\selenium-firefox-driver\4.16.1\selenium-firefox-driver-4.16.1.jar;C:\Users\Admin\.m2\repository\org\seleniumhq\selenium\selenium-http\4.16.1\selenium-http-4.16.1.jar;C:\Users\Admin\.m2\repository\dev\failsafe\failsafe\3.3.2\failsafe-3.3.2.jar;C:\Users\Admin\.m2\repository\org\seleniumhq\selenium\selenium-ie-driver\4.16.1\selenium-ie-driver-4.16.1.jar;C:\Users\Admin\.m2\repository\org\seleniumhq\selenium\selenium-remote-driver\4.16.1\selenium-remote-driver-4.16.1.jar;C:\Users\Admin\.m2\repository\com\google\guava\guava\32.1.2-jre\guava-32.1.2-jre.jar;C:\Users\Admin\.m2\repository\com\google\guava\failureaccess\1.0.1\failureaccess-1.0.1.jar;C:\Users\Admin\.m2\repository\com\google\guava\listenablefuture\9999.0-empty-to-avoid-conflict-with-guava\listenablefuture-9999.0-empty-to-avoid-conflict-with-guava.jar;C:\Users\Admin\.m2\repository\com\google\code\findbugs\jsr305\3.0.2\jsr305-3.0.2.jar;C:\Users\Admin\.m2\repository\org\checkerframework\checker-qual\3.33.0\checker-qual-3.33.0.jar;C:\Users\Admin\.m2\repository\com\google\errorprone\error_prone_annotations\2.18.0\error_prone_annotations-2.18.0.jar;C:\Users\Admin\.m2\repository\com\google\j2objc\j2objc-annotations\2.8\j2objc-annotations-2.8.jar;C:\Users\Admin\.m2\repository\io\opentelemetry\opentelemetry-api\1.28.0\opentelemetry-api-1.28.0.jar;C:\Users\Admin\.m2\repository\io\opentelemetry\opentelemetry-context\1.28.0\opentelemetry-context-1.28.0.jar;C:\Users\Admin\.m2\repository\io\opentelemetry\opentelemetry-exporter-logging\1.28.0\opentelemetry-exporter-logging-1.28.0.jar;C:\Users\Admin\.m2\repository\io\opentelemetry\opentelemetry-sdk-metrics\1.28.0\opentelemetry-sdk-metrics-1.28.0.jar;C:\Users\Admin\.m2\repository\io\opentelemetry\opentelemetry-extension-incubator\1.28.0-alpha\opentelemetry-extension-incubator-1.28.0-alpha.jar;C:\Users\Admin\.m2\repository\io\opentelemetry\opentelemetry-sdk-logs\1.28.0\opentelemetry-sdk-logs-1.28.0.jar;C:\Users\Admin\.m2\repository\io\opentelemetry\opentelemetry-sdk-common\1.28.0\opentelemetry-sdk-common-1.28.0.jar;C:\Users\Admin\.m2\repository\io\opentelemetry\opentelemetry-sdk-extension-autoconfigure-spi\1.28.0\opentelemetry-sdk-extension-autoconfigure-spi-1.28.0.jar;C:\Users\Admin\.m2\repository\io\opentelemetry\opentelemetry-sdk-extension-autoconfigure\1.28.0\opentelemetry-sdk-extension-autoconfigure-1.28.0.jar;C:\Users\Admin\.m2\repository\io\opentelemetry\opentelemetry-api-events\1.28.0-alpha\opentelemetry-api-events-1.28.0-alpha.jar;C:\Users\Admin\.m2\repository\io\opentelemetry\opentelemetry-sdk-trace\1.28.0\opentelemetry-sdk-trace-1.28.0.jar;C:\Users\Admin\.m2\repository\io\opentelemetry\opentelemetry-sdk\1.28.0\opentelemetry-sdk-1.28.0.jar;C:\Users\Admin\.m2\repository\io\opentelemetry\opentelemetry-semconv\1.28.0-alpha\opentelemetry-semconv-1.28.0-alpha.jar;C:\Users\Admin\.m2\repository\net\bytebuddy\byte-buddy\1.14.5\byte-buddy-1.14.5.jar;C:\Users\Admin\.m2\repository\org\seleniumhq\selenium\selenium-os\4.16.1\selenium-os-4.16.1.jar;C:\Users\Admin\.m2\repository\org\apache\commons\commons-exec\1.3\commons-exec-1.3.jar;C:\Users\Admin\.m2\repository\org\seleniumhq\selenium\selenium-safari-driver\4.16.1\selenium-safari-driver-4.16.1.jar;C:\Users\Admin\.m2\repository\org\seleniumhq\selenium\selenium-support\4.16.1\selenium-support-4.16.1.jar;C:\Users\Admin\.m2\repository\org\apache\poi\poi\5.2.5\poi-5.2.5.jar;C:\Users\Admin\.m2\repository\commons-codec\commons-codec\1.16.0\commons-codec-1.16.0.jar;C:\Users\Admin\.m2\repository\org\apache\commons\commons-collections4\4.4\commons-collections4-4.4.jar;C:\Users\Admin\.m2\repository\org\apache\commons\commons-math3\3.6.1\commons-math3-3.6.1.jar;C:\Users\Admin\.m2\repository\commons-io\commons-io\2.15.0\commons-io-2.15.0.jar;C:\Users\Admin\.m2\repository\com\zaxxer\SparseBitSet\1.3\SparseBitSet-1.3.jar;C:\Users\Admin\.m2\repository\org\apache\logging\log4j\log4j-api\2.21.1\log4j-api-2.21.1.jar;C:\Users\Admin\.m2\repository\org\apache\poi\poi-ooxml\5.2.5\poi-ooxml-5.2.5.jar;C:\Users\Admin\.m2\repository\org\apache\poi\poi-ooxml-lite\5.2.5\poi-ooxml-lite-5.2.5.jar;C:\Users\Admin\.m2\repository\org\apache\xmlbeans\xmlbeans\5.2.0\xmlbeans-5.2.0.jar;C:\Users\Admin\.m2\repository\org\apache\commons\commons-compress\1.25.0\commons-compress-1.25.0.jar;C:\Users\Admin\.m2\repository\com\github\virtuald\curvesapi\1.08\curvesapi-1.08.jar;C:\Users\Admin\.m2\repository\org\apache\poi\poi-ooxml-schemas\4.1.2\poi-ooxml-schemas-4.1.2.jar;C:\Users\Admin\.m2\repository\org\apache\poi\poi-scratchpad\5.2.5\poi-scratchpad-5.2.5.jar;C:\Users\Admin\.m2\repository\org\apache\poi\ooxml-schemas\1.4\ooxml-schemas-1.4.jar;C:\Users\Admin\.m2\repository\org\apache\poi\openxml4j\1.0-beta\openxml4j-1.0-beta.jar;C:\Users\Admin\.m2\repository\dom4j\dom4j\1.6.1\dom4j-1.6.1.jar;C:\Users\Admin\.m2\repository\xml-apis\xml-apis\1.0.b2\xml-apis-1.0.b2.jar;C:\Users\Admin\.m2\repository\log4j\log4j\1.2.8\log4j-1.2.8.jar;C:\Users\Admin\.m2\repository\com\relevantcodes\extentreports\2.41.2\extentreports-2.41.2.jar;C:\Users\Admin\.m2\repository\org\jsoup\jsoup\1.8.3\jsoup-1.8.3.jar;C:\Users\Admin\.m2\repository\org\xerial\sqlite-jdbc\3.8.11.1\sqlite-jdbc-3.8.11.1.jar;C:\Users\Admin\.m2\repository\org\freemarker\freemarker\2.3.23\freemarker-2.3.23.jar;C:\Users\Admin\.m2\repository\org\mongodb\mongodb-driver\3.0.4\mongodb-driver-3.0.4.jar;C:\Users\Admin\.m2\repository\org\mongodb\bson\3.0.4\bson-3.0.4.jar;C:\Users\Admin\.m2\repository\org\mongodb\mongodb-driver-core\3.0.4\mongodb-driver-core-3.0.4.jar;"/>
    <property name="sun.cpu.endian" value="little"/>
    <property name="user.home" value="C:\Users\Admin"/>
    <property name="user.language" value="en"/>
    <property name="java.specification.vendor" value="Oracle Corporation"/>
    <property name="java.version.date" value="2023-10-17"/>
    <property name="java.home" value="C:\Program Files\Java\jdk-21"/>
    <property name="file.separator" value="\"/>
    <property name="basedir" value="E:\UdemyAutomationCode\AutomationFramework"/>
    <property name="java.vm.compressedOopsMode" value="32-bit"/>
    <property name="line.separator" value="&#10;"/>
    <property name="java.vm.specification.vendor" value="Oracle Corporation"/>
    <property name="java.specification.name" value="Java Platform API Specification"/>
    <property name="surefire.real.class.path" value="C:\Users\Admin\AppData\Local\Temp\surefire3240453091469805185\surefirebooter-20240111174438332_3.jar"/>
    <property name="user.script" value=""/>
    <property name="sun.management.compiler" value="HotSpot 64-Bit Tiered Compilers"/>
    <property name="java.runtime.version" value="21.0.1+12-LTS-29"/>
    <property name="user.name" value="Admin"/>
    <property name="stdout.encoding" value="Cp1252"/>
    <property name="path.separator" value=";"/>
    <property name="os.version" value="10.0"/>
    <property name="java.runtime.name" value="Java(TM) SE Runtime Environment"/>
    <property name="file.encoding" value="UTF-8"/>
    <property name="java.vm.name" value="Java HotSpot(TM) 64-Bit Server VM"/>
    <property name="localRepository" value="C:\Users\Admin\.m2\repository"/>
    <property name="java.vendor.url.bug" value="https://bugreport.java.com/bugreport/"/>
    <property name="java.io.tmpdir" value="C:\Users\Admin\AppData\Local\Temp\"/>
    <property name="java.version" value="21.0.1"/>
    <property name="user.dir" value="E:\UdemyAutomationCode\AutomationFramework"/>
    <property name="os.arch" value="amd64"/>
    <property name="java.vm.specification.name" value="Java Virtual Machine Specification"/>
    <property name="sun.os.patch.level" value=""/>
    <property name="native.encoding" value="Cp1252"/>
    <property name="java.library.path" value="C:\Program Files\Java\jdk-21\bin;C:\Windows\Sun\Java\bin;C:\Windows\system32;C:\Windows;C:\Program Files\Maven\apache-maven-3.9.6/bin;C:\Program Files\Common Files\Oracle\Java\javapath;C:\Windows\system32;C:\Windows;C:\Windows\System32\Wbem;C:\Windows\System32\WindowsPowerShell\v1.0\;C:\Windows\System32\OpenSSH\;C:\Program Files\Java\jdk-21\bin;C:\Program Files\Git\cmd;C:\Program Files\Maven\apache-maven-3.9.6\bin;C:\Users\Admin\AppData\Local\Microsoft\WindowsApps;C:\Program Files\JetBrains\IntelliJ IDEA Community Edition 2022.3.2\bin;;C:\Users\Admin\AppData\Local\GitHubDesktop\bin;."/>
    <property name="java.vm.info" value="mixed mode, sharing"/>
    <property name="stderr.encoding" value="Cp1252"/>
    <property name="java.vendor" value="Oracle Corporation"/>
    <property name="java.vm.version" value="21.0.1+12-LTS-29"/>
    <property name="sun.io.unicode.encoding" value="UnicodeLittle"/>
    <property name="java.class.version" value="65.0"/>
  </properties>
  <testcase name="verifyContactsPageLabelTest" classname="com.crm.qa.testcaes.ContactsPageTest" time="0.099">
    <system-out><![CDATA[Before navigating to: 'https://ui.cogmento.com/'
Navigated to:'https://ui.cogmento.com/'
Trying to find Element By : By.name: email
Found Element By : By.name: email
Value of the:[[ChromeDriver: chrome on windows (e641c0b87f07a197e3944cf6ba5c34e1)] -> name: email] before any changes made
Element value changed to: [[ChromeDriver: chrome on windows (e641c0b87f07a197e3944cf6ba5c34e1)] -> name: email]
Trying to find Element By : By.name: password
Found Element By : By.name: password
Value of the:[[ChromeDriver: chrome on windows (e641c0b87f07a197e3944cf6ba5c34e1)] -> name: password] before any changes made
Element value changed to: [[ChromeDriver: chrome on windows (e641c0b87f07a197e3944cf6ba5c34e1)] -> name: password]
Trying to find Element By : By.xpath: //div[text()='Login']
Found Element By : By.xpath: //div[text()='Login']
Trying to click on: [[ChromeDriver: chrome on windows (e641c0b87f07a197e3944cf6ba5c34e1)] -> xpath: //div[text()='Login']]
Clicked on: [[ChromeDriver: chrome on windows (e641c0b87f07a197e3944cf6ba5c34e1)] -> xpath: //div[text()='Login']]
Trying to find Element By : By.xpath: //div[@id='main-nav']
Found Element By : By.xpath: //div[@id='main-nav']
Trying to find Element By : By.xpath: //span[text()='Contacts']
Found Element By : By.xpath: //span[text()='Contacts']
Trying to click on: [[ChromeDriver: chrome on windows (e641c0b87f07a197e3944cf6ba5c34e1)] -> xpath: //span[text()='Contacts']]
Clicked on: [[ChromeDriver: chrome on windows (e641c0b87f07a197e3944cf6ba5c34e1)] -> xpath: //span[text()='Contacts']]
Trying to find Element By : By.xpath: //th[text()='Email']
Found Element By : By.xpath: //th[text()='Email']
Trying to find Element By : By.xpath: //span[contains(text(),'Contacts')]
Found Element By : By.xpath: //span[contains(text(),'Contacts')]
]]></system-out>
    <system-err><![CDATA[SLF4J: Failed to load class "org.slf4j.impl.StaticLoggerBinder".
SLF4J: Defaulting to no-operation (NOP) logger implementation
SLF4J: See http://www.slf4j.org/codes.html#StaticLoggerBinder for further details.
]]></system-err>
  </testcase>
  <testcase name="selectContactsTest" classname="com.crm.qa.testcaes.ContactsPageTest" time="0.241">
    <system-out><![CDATA[Before navigating to: 'https://ui.cogmento.com/'
Navigated to:'https://ui.cogmento.com/'
Trying to find Element By : By.name: email
Found Element By : By.name: email
Value of the:[[ChromeDriver: chrome on windows (36c965842b22f6caea7496f080936a73)] -> name: email] before any changes made
Element value changed to: [[ChromeDriver: chrome on windows (36c965842b22f6caea7496f080936a73)] -> name: email]
Trying to find Element By : By.name: password
Found Element By : By.name: password
Value of the:[[ChromeDriver: chrome on windows (36c965842b22f6caea7496f080936a73)] -> name: password] before any changes made
Element value changed to: [[ChromeDriver: chrome on windows (36c965842b22f6caea7496f080936a73)] -> name: password]
Trying to find Element By : By.xpath: //div[text()='Login']
Found Element By : By.xpath: //div[text()='Login']
Trying to click on: [[ChromeDriver: chrome on windows (36c965842b22f6caea7496f080936a73)] -> xpath: //div[text()='Login']]
Clicked on: [[ChromeDriver: chrome on windows (36c965842b22f6caea7496f080936a73)] -> xpath: //div[text()='Login']]
Trying to find Element By : By.xpath: //div[@id='main-nav']
Found Element By : By.xpath: //div[@id='main-nav']
Trying to find Element By : By.xpath: //span[text()='Contacts']
Found Element By : By.xpath: //span[text()='Contacts']
Trying to click on: [[ChromeDriver: chrome on windows (36c965842b22f6caea7496f080936a73)] -> xpath: //span[text()='Contacts']]
Clicked on: [[ChromeDriver: chrome on windows (36c965842b22f6caea7496f080936a73)] -> xpath: //span[text()='Contacts']]
Trying to find Element By : By.xpath: //th[text()='Email']
Found Element By : By.xpath: //th[text()='Email']
Trying to find Element By : By.xpath: //a[text()='Jennifer  Wade']//parent::td
Found Element By : By.xpath: //a[text()='Jennifer  Wade']//parent::td
Trying to click on: [[ChromeDriver: chrome on windows (36c965842b22f6caea7496f080936a73)] -> xpath: //a[text()='Jennifer  Wade']//parent::td]
Clicked on: [[ChromeDriver: chrome on windows (36c965842b22f6caea7496f080936a73)] -> xpath: //a[text()='Jennifer  Wade']//parent::td]
]]></system-out>
  </testcase>
  <testcase name="selectMultipleContacts" classname="com.crm.qa.testcaes.ContactsPageTest" time="0.48">
    <system-out><![CDATA[Before navigating to: 'https://ui.cogmento.com/'
Navigated to:'https://ui.cogmento.com/'
Trying to find Element By : By.name: email
Found Element By : By.name: email
Value of the:[[ChromeDriver: chrome on windows (25d023be950b3e815bbd12c4ab4269ee)] -> name: email] before any changes made
Element value changed to: [[ChromeDriver: chrome on windows (25d023be950b3e815bbd12c4ab4269ee)] -> name: email]
Trying to find Element By : By.name: password
Found Element By : By.name: password
Value of the:[[ChromeDriver: chrome on windows (25d023be950b3e815bbd12c4ab4269ee)] -> name: password] before any changes made
Element value changed to: [[ChromeDriver: chrome on windows (25d023be950b3e815bbd12c4ab4269ee)] -> name: password]
Trying to find Element By : By.xpath: //div[text()='Login']
Found Element By : By.xpath: //div[text()='Login']
Trying to click on: [[ChromeDriver: chrome on windows (25d023be950b3e815bbd12c4ab4269ee)] -> xpath: //div[text()='Login']]
Clicked on: [[ChromeDriver: chrome on windows (25d023be950b3e815bbd12c4ab4269ee)] -> xpath: //div[text()='Login']]
Trying to find Element By : By.xpath: //div[@id='main-nav']
Found Element By : By.xpath: //div[@id='main-nav']
Trying to find Element By : By.xpath: //span[text()='Contacts']
Found Element By : By.xpath: //span[text()='Contacts']
Trying to click on: [[ChromeDriver: chrome on windows (25d023be950b3e815bbd12c4ab4269ee)] -> xpath: //span[text()='Contacts']]
Clicked on: [[ChromeDriver: chrome on windows (25d023be950b3e815bbd12c4ab4269ee)] -> xpath: //span[text()='Contacts']]
Trying to find Element By : By.xpath: //th[text()='Email']
Found Element By : By.xpath: //th[text()='Email']
Trying to find Element By : By.xpath: //a[text()='Tyler Hale']//parent::td
Found Element By : By.xpath: //a[text()='Tyler Hale']//parent::td
Trying to click on: [[ChromeDriver: chrome on windows (25d023be950b3e815bbd12c4ab4269ee)] -> xpath: //a[text()='Tyler Hale']//parent::td]
Clicked on: [[ChromeDriver: chrome on windows (25d023be950b3e815bbd12c4ab4269ee)] -> xpath: //a[text()='Tyler Hale']//parent::td]
Trying to find Element By : By.xpath: //a[text()='Jennifer  Wade']//parent::td
Found Element By : By.xpath: //a[text()='Jennifer  Wade']//parent::td
Trying to click on: [[ChromeDriver: chrome on windows (25d023be950b3e815bbd12c4ab4269ee)] -> xpath: //a[text()='Jennifer  Wade']//parent::td]
Clicked on: [[ChromeDriver: chrome on windows (25d023be950b3e815bbd12c4ab4269ee)] -> xpath: //a[text()='Jennifer  Wade']//parent::td]
]]></system-out>
  </testcase>
  <testcase name="validateCreateNewContact[John, Peter, Henry, john@yopmail.com, Inactive, Facebook](1)" classname="com.crm.qa.testcaes.ContactsPageTest" time="5.168">
    <system-out><![CDATA[Before navigating to: 'https://ui.cogmento.com/'
Navigated to:'https://ui.cogmento.com/'
Trying to find Element By : By.name: email
Found Element By : By.name: email
Value of the:[[ChromeDriver: chrome on windows (0fa88469f4a3c69aad42020937132177)] -> name: email] before any changes made
Element value changed to: [[ChromeDriver: chrome on windows (0fa88469f4a3c69aad42020937132177)] -> name: email]
Trying to find Element By : By.name: password
Found Element By : By.name: password
Value of the:[[ChromeDriver: chrome on windows (0fa88469f4a3c69aad42020937132177)] -> name: password] before any changes made
Element value changed to: [[ChromeDriver: chrome on windows (0fa88469f4a3c69aad42020937132177)] -> name: password]
Trying to find Element By : By.xpath: //div[text()='Login']
Found Element By : By.xpath: //div[text()='Login']
Trying to click on: [[ChromeDriver: chrome on windows (0fa88469f4a3c69aad42020937132177)] -> xpath: //div[text()='Login']]
Clicked on: [[ChromeDriver: chrome on windows (0fa88469f4a3c69aad42020937132177)] -> xpath: //div[text()='Login']]
Trying to find Element By : By.xpath: //div[@id='main-nav']
Found Element By : By.xpath: //div[@id='main-nav']
Trying to find Element By : By.xpath: //span[text()='Contacts']
Found Element By : By.xpath: //span[text()='Contacts']
Trying to click on: [[ChromeDriver: chrome on windows (0fa88469f4a3c69aad42020937132177)] -> xpath: //span[text()='Contacts']]
Clicked on: [[ChromeDriver: chrome on windows (0fa88469f4a3c69aad42020937132177)] -> xpath: //span[text()='Contacts']]
Trying to find Element By : By.xpath: //th[text()='Email']
Found Element By : By.xpath: //th[text()='Email']
Trying to find Element By : By.xpath: //div[@id='main-nav']
Found Element By : By.xpath: //div[@id='main-nav']
Trying to find Element By : By.xpath: //a[@href='/contacts']/following-sibling::button//i[@class='plus inverted icon']
Found Element By : By.xpath: //a[@href='/contacts']/following-sibling::button//i[@class='plus inverted icon']
Trying to click on: [[ChromeDriver: chrome on windows (0fa88469f4a3c69aad42020937132177)] -> xpath: //a[@href='/contacts']/following-sibling::button//i[@class='plus inverted icon']]
Clicked on: [[ChromeDriver: chrome on windows (0fa88469f4a3c69aad42020937132177)] -> xpath: //a[@href='/contacts']/following-sibling::button//i[@class='plus inverted icon']]
Trying to find Element By : By.xpath: //input[@name='first_name']
Found Element By : By.xpath: //input[@name='first_name']
Trying to find Element By : By.xpath: //input[@name='first_name']
Found Element By : By.xpath: //input[@name='first_name']
Value of the:[[ChromeDriver: chrome on windows (0fa88469f4a3c69aad42020937132177)] -> xpath: //input[@name='first_name']] before any changes made
Element value changed to: [[ChromeDriver: chrome on windows (0fa88469f4a3c69aad42020937132177)] -> xpath: //input[@name='first_name']]
Trying to find Element By : By.xpath: //input[@name='middle_name']
Found Element By : By.xpath: //input[@name='middle_name']
Value of the:[[ChromeDriver: chrome on windows (0fa88469f4a3c69aad42020937132177)] -> xpath: //input[@name='middle_name']] before any changes made
Element value changed to: [[ChromeDriver: chrome on windows (0fa88469f4a3c69aad42020937132177)] -> xpath: //input[@name='middle_name']]
Trying to find Element By : By.xpath: //input[@name='last_name']
Found Element By : By.xpath: //input[@name='last_name']
Value of the:[[ChromeDriver: chrome on windows (0fa88469f4a3c69aad42020937132177)] -> xpath: //input[@name='last_name']] before any changes made
Element value changed to: [[ChromeDriver: chrome on windows (0fa88469f4a3c69aad42020937132177)] -> xpath: //input[@name='last_name']]
Trying to find Element By : By.xpath: //input[@placeholder='Email address']
Found Element By : By.xpath: //input[@placeholder='Email address']
Value of the:[[ChromeDriver: chrome on windows (0fa88469f4a3c69aad42020937132177)] -> xpath: //input[@placeholder='Email address']] before any changes made
Element value changed to: [[ChromeDriver: chrome on windows (0fa88469f4a3c69aad42020937132177)] -> xpath: //input[@placeholder='Email address']]
Trying to find Element By : By.xpath: //div[@name='channel_type']
Found Element By : By.xpath: //div[@name='channel_type']
Trying to click on: [[ChromeDriver: chrome on windows (0fa88469f4a3c69aad42020937132177)] -> xpath: //div[@name='channel_type']]
Clicked on: [[ChromeDriver: chrome on windows (0fa88469f4a3c69aad42020937132177)] -> xpath: //div[@name='channel_type']]
Trying to find Element By : By.xpath: //label[text()='Status']/following-sibling::div[@name='status']
Found Element By : By.xpath: //label[text()='Status']/following-sibling::div[@name='status']
Trying to find Element By : By.xpath: //div[@name='channel_type']
Found Element By : By.xpath: //div[@name='channel_type']
Trying to find Element By : By.xpath: //button[@class='ui linkedin button']
Found Element By : By.xpath: //button[@class='ui linkedin button']
Trying to click on: [[ChromeDriver: chrome on windows (0fa88469f4a3c69aad42020937132177)] -> xpath: //button[@class='ui linkedin button']]
Clicked on: [[ChromeDriver: chrome on windows (0fa88469f4a3c69aad42020937132177)] -> xpath: //button[@class='ui linkedin button']]
]]></system-out>
    <system-err><![CDATA[ERROR StatusLogger Log4j2 could not find a logging implementation. Please add log4j-core to the classpath. Using SimpleLogger to log to the console...
]]></system-err>
  </testcase>
  <testcase name="validateCreateNewContact[Peter, John, Wale, peter@yopmail.com, Active, Instagram](2)" classname="com.crm.qa.testcaes.ContactsPageTest" time="5.326">
    <system-out><![CDATA[Before navigating to: 'https://ui.cogmento.com/'
Navigated to:'https://ui.cogmento.com/'
Trying to find Element By : By.name: email
Found Element By : By.name: email
Value of the:[[ChromeDriver: chrome on windows (4baf38cf927ffa81403137e5fb0351b2)] -> name: email] before any changes made
Element value changed to: [[ChromeDriver: chrome on windows (4baf38cf927ffa81403137e5fb0351b2)] -> name: email]
Trying to find Element By : By.name: password
Found Element By : By.name: password
Value of the:[[ChromeDriver: chrome on windows (4baf38cf927ffa81403137e5fb0351b2)] -> name: password] before any changes made
Element value changed to: [[ChromeDriver: chrome on windows (4baf38cf927ffa81403137e5fb0351b2)] -> name: password]
Trying to find Element By : By.xpath: //div[text()='Login']
Found Element By : By.xpath: //div[text()='Login']
Trying to click on: [[ChromeDriver: chrome on windows (4baf38cf927ffa81403137e5fb0351b2)] -> xpath: //div[text()='Login']]
Clicked on: [[ChromeDriver: chrome on windows (4baf38cf927ffa81403137e5fb0351b2)] -> xpath: //div[text()='Login']]
Trying to find Element By : By.xpath: //div[@id='main-nav']
Found Element By : By.xpath: //div[@id='main-nav']
Trying to find Element By : By.xpath: //span[text()='Contacts']
Found Element By : By.xpath: //span[text()='Contacts']
Trying to click on: [[ChromeDriver: chrome on windows (4baf38cf927ffa81403137e5fb0351b2)] -> xpath: //span[text()='Contacts']]
Clicked on: [[ChromeDriver: chrome on windows (4baf38cf927ffa81403137e5fb0351b2)] -> xpath: //span[text()='Contacts']]
Trying to find Element By : By.xpath: //th[text()='Email']
Found Element By : By.xpath: //th[text()='Email']
Trying to find Element By : By.xpath: //div[@id='main-nav']
Found Element By : By.xpath: //div[@id='main-nav']
Trying to find Element By : By.xpath: //a[@href='/contacts']/following-sibling::button//i[@class='plus inverted icon']
Found Element By : By.xpath: //a[@href='/contacts']/following-sibling::button//i[@class='plus inverted icon']
Trying to click on: [[ChromeDriver: chrome on windows (4baf38cf927ffa81403137e5fb0351b2)] -> xpath: //a[@href='/contacts']/following-sibling::button//i[@class='plus inverted icon']]
Clicked on: [[ChromeDriver: chrome on windows (4baf38cf927ffa81403137e5fb0351b2)] -> xpath: //a[@href='/contacts']/following-sibling::button//i[@class='plus inverted icon']]
Trying to find Element By : By.xpath: //input[@name='first_name']
Found Element By : By.xpath: //input[@name='first_name']
Trying to find Element By : By.xpath: //input[@name='first_name']
Found Element By : By.xpath: //input[@name='first_name']
Value of the:[[ChromeDriver: chrome on windows (4baf38cf927ffa81403137e5fb0351b2)] -> xpath: //input[@name='first_name']] before any changes made
Element value changed to: [[ChromeDriver: chrome on windows (4baf38cf927ffa81403137e5fb0351b2)] -> xpath: //input[@name='first_name']]
Trying to find Element By : By.xpath: //input[@name='middle_name']
Found Element By : By.xpath: //input[@name='middle_name']
Value of the:[[ChromeDriver: chrome on windows (4baf38cf927ffa81403137e5fb0351b2)] -> xpath: //input[@name='middle_name']] before any changes made
Element value changed to: [[ChromeDriver: chrome on windows (4baf38cf927ffa81403137e5fb0351b2)] -> xpath: //input[@name='middle_name']]
Trying to find Element By : By.xpath: //input[@name='last_name']
Found Element By : By.xpath: //input[@name='last_name']
Value of the:[[ChromeDriver: chrome on windows (4baf38cf927ffa81403137e5fb0351b2)] -> xpath: //input[@name='last_name']] before any changes made
Element value changed to: [[ChromeDriver: chrome on windows (4baf38cf927ffa81403137e5fb0351b2)] -> xpath: //input[@name='last_name']]
Trying to find Element By : By.xpath: //input[@placeholder='Email address']
Found Element By : By.xpath: //input[@placeholder='Email address']
Value of the:[[ChromeDriver: chrome on windows (4baf38cf927ffa81403137e5fb0351b2)] -> xpath: //input[@placeholder='Email address']] before any changes made
Element value changed to: [[ChromeDriver: chrome on windows (4baf38cf927ffa81403137e5fb0351b2)] -> xpath: //input[@placeholder='Email address']]
Trying to find Element By : By.xpath: //div[@name='channel_type']
Found Element By : By.xpath: //div[@name='channel_type']
Trying to click on: [[ChromeDriver: chrome on windows (4baf38cf927ffa81403137e5fb0351b2)] -> xpath: //div[@name='channel_type']]
Clicked on: [[ChromeDriver: chrome on windows (4baf38cf927ffa81403137e5fb0351b2)] -> xpath: //div[@name='channel_type']]
Trying to find Element By : By.xpath: //label[text()='Status']/following-sibling::div[@name='status']
Found Element By : By.xpath: //label[text()='Status']/following-sibling::div[@name='status']
Trying to find Element By : By.xpath: //div[@name='channel_type']
Found Element By : By.xpath: //div[@name='channel_type']
Trying to find Element By : By.xpath: //button[@class='ui linkedin button']
Found Element By : By.xpath: //button[@class='ui linkedin button']
Trying to click on: [[ChromeDriver: chrome on windows (4baf38cf927ffa81403137e5fb0351b2)] -> xpath: //button[@class='ui linkedin button']]
Clicked on: [[ChromeDriver: chrome on windows (4baf38cf927ffa81403137e5fb0351b2)] -> xpath: //button[@class='ui linkedin button']]
]]></system-out>
  </testcase>
  <testcase name="validateCreateNewContact[Walter, Peter, John, walter@yopmail.com, Hot, LinkedIn](3)" classname="com.crm.qa.testcaes.ContactsPageTest" time="4.929">
    <system-out><![CDATA[Before navigating to: 'https://ui.cogmento.com/'
Navigated to:'https://ui.cogmento.com/'
Trying to find Element By : By.name: email
Found Element By : By.name: email
Value of the:[[ChromeDriver: chrome on windows (2bc8b684331329e80b08262b418e0c4a)] -> name: email] before any changes made
Element value changed to: [[ChromeDriver: chrome on windows (2bc8b684331329e80b08262b418e0c4a)] -> name: email]
Trying to find Element By : By.name: password
Found Element By : By.name: password
Value of the:[[ChromeDriver: chrome on windows (2bc8b684331329e80b08262b418e0c4a)] -> name: password] before any changes made
Element value changed to: [[ChromeDriver: chrome on windows (2bc8b684331329e80b08262b418e0c4a)] -> name: password]
Trying to find Element By : By.xpath: //div[text()='Login']
Found Element By : By.xpath: //div[text()='Login']
Trying to click on: [[ChromeDriver: chrome on windows (2bc8b684331329e80b08262b418e0c4a)] -> xpath: //div[text()='Login']]
Clicked on: [[ChromeDriver: chrome on windows (2bc8b684331329e80b08262b418e0c4a)] -> xpath: //div[text()='Login']]
Trying to find Element By : By.xpath: //div[@id='main-nav']
Found Element By : By.xpath: //div[@id='main-nav']
Trying to find Element By : By.xpath: //span[text()='Contacts']
Found Element By : By.xpath: //span[text()='Contacts']
Trying to click on: [[ChromeDriver: chrome on windows (2bc8b684331329e80b08262b418e0c4a)] -> xpath: //span[text()='Contacts']]
Clicked on: [[ChromeDriver: chrome on windows (2bc8b684331329e80b08262b418e0c4a)] -> xpath: //span[text()='Contacts']]
Trying to find Element By : By.xpath: //th[text()='Email']
Found Element By : By.xpath: //th[text()='Email']
Trying to find Element By : By.xpath: //div[@id='main-nav']
Found Element By : By.xpath: //div[@id='main-nav']
Trying to find Element By : By.xpath: //a[@href='/contacts']/following-sibling::button//i[@class='plus inverted icon']
Found Element By : By.xpath: //a[@href='/contacts']/following-sibling::button//i[@class='plus inverted icon']
Trying to click on: [[ChromeDriver: chrome on windows (2bc8b684331329e80b08262b418e0c4a)] -> xpath: //a[@href='/contacts']/following-sibling::button//i[@class='plus inverted icon']]
Clicked on: [[ChromeDriver: chrome on windows (2bc8b684331329e80b08262b418e0c4a)] -> xpath: //a[@href='/contacts']/following-sibling::button//i[@class='plus inverted icon']]
Trying to find Element By : By.xpath: //input[@name='first_name']
Found Element By : By.xpath: //input[@name='first_name']
Trying to find Element By : By.xpath: //input[@name='first_name']
Found Element By : By.xpath: //input[@name='first_name']
Value of the:[[ChromeDriver: chrome on windows (2bc8b684331329e80b08262b418e0c4a)] -> xpath: //input[@name='first_name']] before any changes made
Element value changed to: [[ChromeDriver: chrome on windows (2bc8b684331329e80b08262b418e0c4a)] -> xpath: //input[@name='first_name']]
Trying to find Element By : By.xpath: //input[@name='middle_name']
Found Element By : By.xpath: //input[@name='middle_name']
Value of the:[[ChromeDriver: chrome on windows (2bc8b684331329e80b08262b418e0c4a)] -> xpath: //input[@name='middle_name']] before any changes made
Element value changed to: [[ChromeDriver: chrome on windows (2bc8b684331329e80b08262b418e0c4a)] -> xpath: //input[@name='middle_name']]
Trying to find Element By : By.xpath: //input[@name='last_name']
Found Element By : By.xpath: //input[@name='last_name']
Value of the:[[ChromeDriver: chrome on windows (2bc8b684331329e80b08262b418e0c4a)] -> xpath: //input[@name='last_name']] before any changes made
Element value changed to: [[ChromeDriver: chrome on windows (2bc8b684331329e80b08262b418e0c4a)] -> xpath: //input[@name='last_name']]
Trying to find Element By : By.xpath: //input[@placeholder='Email address']
Found Element By : By.xpath: //input[@placeholder='Email address']
Value of the:[[ChromeDriver: chrome on windows (2bc8b684331329e80b08262b418e0c4a)] -> xpath: //input[@placeholder='Email address']] before any changes made
Element value changed to: [[ChromeDriver: chrome on windows (2bc8b684331329e80b08262b418e0c4a)] -> xpath: //input[@placeholder='Email address']]
Trying to find Element By : By.xpath: //div[@name='channel_type']
Found Element By : By.xpath: //div[@name='channel_type']
Trying to click on: [[ChromeDriver: chrome on windows (2bc8b684331329e80b08262b418e0c4a)] -> xpath: //div[@name='channel_type']]
Clicked on: [[ChromeDriver: chrome on windows (2bc8b684331329e80b08262b418e0c4a)] -> xpath: //div[@name='channel_type']]
Trying to find Element By : By.xpath: //label[text()='Status']/following-sibling::div[@name='status']
Found Element By : By.xpath: //label[text()='Status']/following-sibling::div[@name='status']
Trying to find Element By : By.xpath: //div[@name='channel_type']
Found Element By : By.xpath: //div[@name='channel_type']
Trying to find Element By : By.xpath: //button[@class='ui linkedin button']
Found Element By : By.xpath: //button[@class='ui linkedin button']
Trying to click on: [[ChromeDriver: chrome on windows (2bc8b684331329e80b08262b418e0c4a)] -> xpath: //button[@class='ui linkedin button']]
Clicked on: [[ChromeDriver: chrome on windows (2bc8b684331329e80b08262b418e0c4a)] -> xpath: //button[@class='ui linkedin button']]
]]></system-out>
  </testcase>
  <testcase name="verifyHomePageTitleTest" classname="com.crm.qa.testcaes.HomePageTest" time="0.015">
    <system-out><![CDATA[Before navigating to: 'https://ui.cogmento.com/'
Navigated to:'https://ui.cogmento.com/'
Trying to find Element By : By.name: email
Found Element By : By.name: email
Value of the:[[ChromeDriver: chrome on windows (c1049c704efc74721e59dfadd828506e)] -> name: email] before any changes made
Element value changed to: [[ChromeDriver: chrome on windows (c1049c704efc74721e59dfadd828506e)] -> name: email]
Trying to find Element By : By.name: password
Found Element By : By.name: password
Value of the:[[ChromeDriver: chrome on windows (c1049c704efc74721e59dfadd828506e)] -> name: password] before any changes made
Element value changed to: [[ChromeDriver: chrome on windows (c1049c704efc74721e59dfadd828506e)] -> name: password]
Trying to find Element By : By.xpath: //div[text()='Login']
Found Element By : By.xpath: //div[text()='Login']
Trying to click on: [[ChromeDriver: chrome on windows (c1049c704efc74721e59dfadd828506e)] -> xpath: //div[text()='Login']]
Clicked on: [[ChromeDriver: chrome on windows (c1049c704efc74721e59dfadd828506e)] -> xpath: //div[text()='Login']]
]]></system-out>
  </testcase>
  <testcase name="verifyUserNameTest" classname="com.crm.qa.testcaes.HomePageTest" time="2.332">
    <system-out><![CDATA[Before navigating to: 'https://ui.cogmento.com/'
Navigated to:'https://ui.cogmento.com/'
Trying to find Element By : By.name: email
Found Element By : By.name: email
Value of the:[[ChromeDriver: chrome on windows (b06d94a3e92d3d47b9d88ee6e560d121)] -> name: email] before any changes made
Element value changed to: [[ChromeDriver: chrome on windows (b06d94a3e92d3d47b9d88ee6e560d121)] -> name: email]
Trying to find Element By : By.name: password
Found Element By : By.name: password
Value of the:[[ChromeDriver: chrome on windows (b06d94a3e92d3d47b9d88ee6e560d121)] -> name: password] before any changes made
Element value changed to: [[ChromeDriver: chrome on windows (b06d94a3e92d3d47b9d88ee6e560d121)] -> name: password]
Trying to find Element By : By.xpath: //div[text()='Login']
Found Element By : By.xpath: //div[text()='Login']
Trying to click on: [[ChromeDriver: chrome on windows (b06d94a3e92d3d47b9d88ee6e560d121)] -> xpath: //div[text()='Login']]
Clicked on: [[ChromeDriver: chrome on windows (b06d94a3e92d3d47b9d88ee6e560d121)] -> xpath: //div[text()='Login']]
Trying to find Element By : By.xpath: //span[text() = 'Johnny Deep']
Found Element By : By.xpath: //span[text() = 'Johnny Deep']
]]></system-out>
  </testcase>
  <testcase name="contactsClickTest" classname="com.crm.qa.testcaes.HomePageTest" time="6.424">
    <system-out><![CDATA[Before navigating to: 'https://ui.cogmento.com/'
Navigated to:'https://ui.cogmento.com/'
Trying to find Element By : By.name: email
Found Element By : By.name: email
Value of the:[[ChromeDriver: chrome on windows (e6aa799c3630bba930049f4c699981b3)] -> name: email] before any changes made
Element value changed to: [[ChromeDriver: chrome on windows (e6aa799c3630bba930049f4c699981b3)] -> name: email]
Trying to find Element By : By.name: password
Found Element By : By.name: password
Value of the:[[ChromeDriver: chrome on windows (e6aa799c3630bba930049f4c699981b3)] -> name: password] before any changes made
Element value changed to: [[ChromeDriver: chrome on windows (e6aa799c3630bba930049f4c699981b3)] -> name: password]
Trying to find Element By : By.xpath: //div[text()='Login']
Found Element By : By.xpath: //div[text()='Login']
Trying to click on: [[ChromeDriver: chrome on windows (e6aa799c3630bba930049f4c699981b3)] -> xpath: //div[text()='Login']]
Clicked on: [[ChromeDriver: chrome on windows (e6aa799c3630bba930049f4c699981b3)] -> xpath: //div[text()='Login']]
Trying to find Element By : By.xpath: //div[@id='main-nav']
Found Element By : By.xpath: //div[@id='main-nav']
Trying to find Element By : By.xpath: //span[text()='Contacts']
Found Element By : By.xpath: //span[text()='Contacts']
Trying to click on: [[ChromeDriver: chrome on windows (e6aa799c3630bba930049f4c699981b3)] -> xpath: //span[text()='Contacts']]
Clicked on: [[ChromeDriver: chrome on windows (e6aa799c3630bba930049f4c699981b3)] -> xpath: //span[text()='Contacts']]
Trying to find Element By : By.xpath: //th[text()='Email']
Found Element By : By.xpath: //th[text()='Email']
]]></system-out>
  </testcase>
  <testcase name="dealsPageClickTest" classname="com.crm.qa.testcaes.HomePageTest" time="3.478">
    <system-out><![CDATA[Before navigating to: 'https://ui.cogmento.com/'
Navigated to:'https://ui.cogmento.com/'
Trying to find Element By : By.name: email
Found Element By : By.name: email
Value of the:[[ChromeDriver: chrome on windows (9f56ac06de1646221d370aeed801a1d7)] -> name: email] before any changes made
Element value changed to: [[ChromeDriver: chrome on windows (9f56ac06de1646221d370aeed801a1d7)] -> name: email]
Trying to find Element By : By.name: password
Found Element By : By.name: password
Value of the:[[ChromeDriver: chrome on windows (9f56ac06de1646221d370aeed801a1d7)] -> name: password] before any changes made
Element value changed to: [[ChromeDriver: chrome on windows (9f56ac06de1646221d370aeed801a1d7)] -> name: password]
Trying to find Element By : By.xpath: //div[text()='Login']
Found Element By : By.xpath: //div[text()='Login']
Trying to click on: [[ChromeDriver: chrome on windows (9f56ac06de1646221d370aeed801a1d7)] -> xpath: //div[text()='Login']]
Clicked on: [[ChromeDriver: chrome on windows (9f56ac06de1646221d370aeed801a1d7)] -> xpath: //div[text()='Login']]
Trying to find Element By : By.xpath: //div[@id='main-nav']
Found Element By : By.xpath: //div[@id='main-nav']
Trying to find Element By : By.xpath: //span[text()='Deals']
Found Element By : By.xpath: //span[text()='Deals']
Trying to click on: [[ChromeDriver: chrome on windows (9f56ac06de1646221d370aeed801a1d7)] -> xpath: //span[text()='Deals']]
Clicked on: [[ChromeDriver: chrome on windows (9f56ac06de1646221d370aeed801a1d7)] -> xpath: //span[text()='Deals']]
]]></system-out>
  </testcase>
  <testcase name="tasksPageClickTest" classname="com.crm.qa.testcaes.HomePageTest" time="2.565">
    <system-out><![CDATA[Before navigating to: 'https://ui.cogmento.com/'
Navigated to:'https://ui.cogmento.com/'
Trying to find Element By : By.name: email
Found Element By : By.name: email
Value of the:[[ChromeDriver: chrome on windows (e75a0c9643bd87d8a56679d8892c74ea)] -> name: email] before any changes made
Element value changed to: [[ChromeDriver: chrome on windows (e75a0c9643bd87d8a56679d8892c74ea)] -> name: email]
Trying to find Element By : By.name: password
Found Element By : By.name: password
Value of the:[[ChromeDriver: chrome on windows (e75a0c9643bd87d8a56679d8892c74ea)] -> name: password] before any changes made
Element value changed to: [[ChromeDriver: chrome on windows (e75a0c9643bd87d8a56679d8892c74ea)] -> name: password]
Trying to find Element By : By.xpath: //div[text()='Login']
Found Element By : By.xpath: //div[text()='Login']
Trying to click on: [[ChromeDriver: chrome on windows (e75a0c9643bd87d8a56679d8892c74ea)] -> xpath: //div[text()='Login']]
Clicked on: [[ChromeDriver: chrome on windows (e75a0c9643bd87d8a56679d8892c74ea)] -> xpath: //div[text()='Login']]
Trying to find Element By : By.xpath: //div[@id='main-nav']
Found Element By : By.xpath: //div[@id='main-nav']
Trying to find Element By : By.xpath: //span[text()='Tasks']
Found Element By : By.xpath: //span[text()='Tasks']
Trying to click on: [[ChromeDriver: chrome on windows (e75a0c9643bd87d8a56679d8892c74ea)] -> xpath: //span[text()='Tasks']]
Clicked on: [[ChromeDriver: chrome on windows (e75a0c9643bd87d8a56679d8892c74ea)] -> xpath: //span[text()='Tasks']]
]]></system-out>
  </testcase>
  <testcase name="loginPageTitleTest" classname="com.crm.qa.testcaes.LoginPageTest" time="0.014">
    <system-out><![CDATA[Before navigating to: 'https://ui.cogmento.com/'
Navigated to:'https://ui.cogmento.com/'
]]></system-out>
  </testcase>
  <testcase name="loginTest" classname="com.crm.qa.testcaes.LoginPageTest" time="0.483">
    <system-out><![CDATA[Before navigating to: 'https://ui.cogmento.com/'
Navigated to:'https://ui.cogmento.com/'
Trying to find Element By : By.name: email
Found Element By : By.name: email
Value of the:[[ChromeDriver: chrome on windows (74d9ae2db409cf93a813c79d4a6e513a)] -> name: email] before any changes made
Element value changed to: [[ChromeDriver: chrome on windows (74d9ae2db409cf93a813c79d4a6e513a)] -> name: email]
Trying to find Element By : By.name: password
Found Element By : By.name: password
Value of the:[[ChromeDriver: chrome on windows (74d9ae2db409cf93a813c79d4a6e513a)] -> name: password] before any changes made
Element value changed to: [[ChromeDriver: chrome on windows (74d9ae2db409cf93a813c79d4a6e513a)] -> name: password]
Trying to find Element By : By.xpath: //div[text()='Login']
Found Element By : By.xpath: //div[text()='Login']
Trying to click on: [[ChromeDriver: chrome on windows (74d9ae2db409cf93a813c79d4a6e513a)] -> xpath: //div[text()='Login']]
Clicked on: [[ChromeDriver: chrome on windows (74d9ae2db409cf93a813c79d4a6e513a)] -> xpath: //div[text()='Login']]
]]></system-out>
  </testcase>
</testsuite>