<?xml version="1.0" encoding="UTF-8"?>
<!-- Generated by org.testng.reporters.JUnitReportReporter -->
<testsuite hostname="DESKTOP-71HNQ74" failures="0" tests="2" name="com.crm.qa.testcaes.LoginPageTest" time="15.565" errors="0" timestamp="2024-01-11T19:17:25 IST" skipped="0">
  <testcase classname="com.crm.qa.testcaes.LoginPageTest" name="loginPageTitleTest" time="8.517"/>
  <system-out/>
  <testcase classname="com.crm.qa.testcaes.LoginPageTest" name="loginTest" time="7.048"/>
  <system-out/>
</testsuite> <!-- com.crm.qa.testcaes.LoginPageTest -->
