<?xml version="1.0" encoding="UTF-8"?>
<!-- Generated by org.testng.reporters.JUnitReportReporter -->
<testsuite hostname="DESKTOP-71HNQ74" failures="0" tests="3" name="com.crm.qa.testcaes.ContactsPageTest" time="53.535" errors="0" timestamp="2024-01-10T15:19:15 IST" skipped="0">
  <testcase classname="com.crm.qa.testcaes.ContactsPageTest" name="validateCreateNewContact" time="20.588"/>
  <system-out/>
  <testcase classname="com.crm.qa.testcaes.ContactsPageTest" name="validateCreateNewContact" time="16.166"/>
  <system-out/>
  <testcase classname="com.crm.qa.testcaes.ContactsPageTest" name="validateCreateNewContact" time="16.781"/>
  <system-out/>
</testsuite> <!-- com.crm.qa.testcaes.ContactsPageTest -->
