<?xml version="1.0" encoding="UTF-8"?>
<!-- Generated by org.testng.reporters.JUnitReportReporter -->
<testsuite hostname="DESKTOP-71HNQ74" failures="0" tests="5" name="com.crm.qa.testcaes.HomePageTest" time="52.109" errors="0" timestamp="2024-01-11T18:43:41 IST" skipped="0">
  <testcase classname="com.crm.qa.testcaes.HomePageTest" name="verifyHomePageTitleTest" time="6.853"/>
  <system-out/>
  <testcase classname="com.crm.qa.testcaes.HomePageTest" name="verifyUserNameTest" time="10.409"/>
  <system-out/>
  <testcase classname="com.crm.qa.testcaes.HomePageTest" name="contactsClickTest" time="15.137"/>
  <system-out/>
  <testcase classname="com.crm.qa.testcaes.HomePageTest" name="dealsPageClickTest" time="9.869"/>
  <system-out/>
  <testcase classname="com.crm.qa.testcaes.HomePageTest" name="tasksPageClickTest" time="9.841"/>
  <system-out/>
</testsuite> <!-- com.crm.qa.testcaes.HomePageTest -->
