<?xml version="1.0" encoding="UTF-8"?>
<!-- Generated by org.testng.reporters.JUnitReportReporter -->
<testsuite hostname="DESKTOP-71HNQ74" failures="0" tests="1" name="nautomation.AutomationFramework.Testngexample" time="8.491" errors="0" timestamp="2024-01-06T00:05:26 IST" skipped="0">
  <testcase classname="nautomation.AutomationFramework.Testngexample" name="launchBrowser" time="8.491"/>
</testsuite> <!-- nautomation.AutomationFramework.Testngexample -->
