<?xml version="1.0" encoding="UTF-8"?>
<!-- Generated by org.testng.reporters.JUnitReportReporter -->
<testsuite hostname="DESKTOP-71HNQ74" failures="0" tests="5" name="com.crm.qa.testcaes.HomePageTest" time="58.082" errors="0" timestamp="2024-01-11T17:47:42 IST" skipped="0">
  <testcase classname="com.crm.qa.testcaes.HomePageTest" name="verifyHomePageTitleTest" time="8.768"/>
  <testcase classname="com.crm.qa.testcaes.HomePageTest" name="verifyUserNameTest" time="12.578"/>
  <testcase classname="com.crm.qa.testcaes.HomePageTest" name="contactsClickTest" time="15.479"/>
  <testcase classname="com.crm.qa.testcaes.HomePageTest" name="dealsPageClickTest" time="10.170"/>
  <testcase classname="com.crm.qa.testcaes.HomePageTest" name="tasksPageClickTest" time="11.087"/>
</testsuite> <!-- com.crm.qa.testcaes.HomePageTest -->
