<?xml version="1.0" encoding="UTF-8"?>
<!-- Generated by org.testng.reporters.JUnitReportReporter -->
<testsuite hostname="DESKTOP-71HNQ74" failures="0" tests="2" name="com.crm.qa.testcaes.LoginPageTest" time="12.959" errors="0" timestamp="2024-01-11T17:47:42 IST" skipped="0">
  <testcase classname="com.crm.qa.testcaes.LoginPageTest" name="loginPageTitleTest" time="6.062"/>
  <testcase classname="com.crm.qa.testcaes.LoginPageTest" name="loginTest" time="6.897"/>
</testsuite> <!-- com.crm.qa.testcaes.LoginPageTest -->
