<?xml version="1.0" encoding="UTF-8"?>
<!-- Generated by org.testng.reporters.JUnitReportReporter -->
<testsuite hostname="DESKTOP-71HNQ74" failures="0" tests="6" name="com.crm.qa.testcaes.ContactsPageTest" time="107.352" errors="0" timestamp="2024-01-11T17:47:42 IST" skipped="0">
  <testcase classname="com.crm.qa.testcaes.ContactsPageTest" name="verifyContactsPageLabelTest" time="14.721"/>
  <testcase classname="com.crm.qa.testcaes.ContactsPageTest" name="selectContactsTest" time="14.053"/>
  <testcase classname="com.crm.qa.testcaes.ContactsPageTest" name="selectMultipleContacts" time="14.383"/>
  <testcase classname="com.crm.qa.testcaes.ContactsPageTest" name="validateCreateNewContact" time="18.452"/>
  <testcase classname="com.crm.qa.testcaes.ContactsPageTest" name="validateCreateNewContact" time="25.982"/>
  <testcase classname="com.crm.qa.testcaes.ContactsPageTest" name="validateCreateNewContact" time="19.761"/>
</testsuite> <!-- com.crm.qa.testcaes.ContactsPageTest -->
